<?xml version="1.0" encoding="utf-8"?>
<TestRun id="9a9ed464-30e6-4636-b8da-b030f7b72eb6" name="@fv-az2035-129 2025-01-10 11:23:55" xmlns="http://microsoft.com/schemas/VisualStudio/TeamTest/2010">
  <Times creation="2025-01-10T11:23:55.8266422+00:00" queuing="2025-01-10T11:23:55.8266423+00:00" start="2025-01-10T11:23:54.7255483+00:00" finish="2025-01-10T11:23:55.8359568+00:00" />
  <TestSettings name="default" id="7745adc0-2493-48aa-8bd9-b5406eae323f">
    <Deployment runDeploymentRoot="_fv-az2035-129_2025-01-10_11_23_55" />
  </TestSettings>
  <Results>
    <UnitTestResult executionId="cca14515-bad3-4870-822a-34eef52ddac2" testId="7ff2e3b5-ef2b-e998-3841-74791476d697" testName="TestSubtraction" computerName="fv-az2035-129" duration="00:00:00.0002509" startTime="2025-01-10T11:23:55.6463266+00:00" endTime="2025-01-10T11:23:55.6465781+00:00" testType="13cdc9d9-ddb5-4fa4-a97d-d965ccfc6d4b" outcome="Passed" testListId="8c84fa94-04c1-424b-9868-57a2d4851a1d" relativeResultsDirectory="cca14515-bad3-4870-822a-34eef52ddac2" />
    <UnitTestResult executionId="822e5723-6bfe-468b-a2e8-ef9d233a0ad3" testId="72206c17-7e49-a4c2-073b-a2e1ff03b9fd" testName="TestAddition" computerName="fv-az2035-129" duration="00:00:00.0152610" startTime="2025-01-10T11:23:55.6289757+00:00" endTime="2025-01-10T11:23:55.6441228+00:00" testType="13cdc9d9-ddb5-4fa4-a97d-d965ccfc6d4b" outcome="Passed" testListId="8c84fa94-04c1-424b-9868-57a2d4851a1d" relativeResultsDirectory="822e5723-6bfe-468b-a2e8-ef9d233a0ad3" />
  </Results>
  <TestDefinitions>
    <UnitTest name="TestAddition" storage="/home/runner/work/pipeline/pipeline/mydotnetapp.tests/bin/release/net6.0/mydotnetapp.tests.dll" id="72206c17-7e49-a4c2-073b-a2e1ff03b9fd">
      <Execution id="822e5723-6bfe-468b-a2e8-ef9d233a0ad3" />
      <TestMethod codeBase="/home/runner/work/pipeline/pipeline/MyDotNetApp.Tests/bin/Release/net6.0/MyDotNetApp.Tests.dll" adapterTypeName="executor://nunit3testexecutor/" className="MyDotNetApp.Tests.UnitTest1" name="TestAddition" />
    </UnitTest>
    <UnitTest name="TestSubtraction" storage="/home/runner/work/pipeline/pipeline/mydotnetapp.tests/bin/release/net6.0/mydotnetapp.tests.dll" id="7ff2e3b5-ef2b-e998-3841-74791476d697">
      <Execution id="cca14515-bad3-4870-822a-34eef52ddac2" />
      <TestMethod codeBase="/home/runner/work/pipeline/pipeline/MyDotNetApp.Tests/bin/Release/net6.0/MyDotNetApp.Tests.dll" adapterTypeName="executor://nunit3testexecutor/" className="MyDotNetApp.Tests.UnitTest1" name="TestSubtraction" />
    </UnitTest>
  </TestDefinitions>
  <TestEntries>
    <TestEntry testId="7ff2e3b5-ef2b-e998-3841-74791476d697" executionId="cca14515-bad3-4870-822a-34eef52ddac2" testListId="8c84fa94-04c1-424b-9868-57a2d4851a1d" />
    <TestEntry testId="72206c17-7e49-a4c2-073b-a2e1ff03b9fd" executionId="822e5723-6bfe-468b-a2e8-ef9d233a0ad3" testListId="8c84fa94-04c1-424b-9868-57a2d4851a1d" />
  </TestEntries>
  <TestLists>
    <TestList name="Results Not in a List" id="8c84fa94-04c1-424b-9868-57a2d4851a1d" />
    <TestList name="All Loaded Results" id="19431567-8539-422a-85d7-44ee4e166bda" />
  </TestLists>
  <ResultSummary outcome="Completed">
    <Counters total="2" executed="2" passed="2" failed="0" error="0" timeout="0" aborted="0" inconclusive="0" passedButRunAborted="0" notRunnable="0" notExecuted="0" disconnected="0" warning="0" completed="0" inProgress="0" pending="0" />
    <Output>
      <StdOut>NUnit Adapter 4.6.0.0: Test execution started
Running all tests in /home/runner/work/pipeline/pipeline/MyDotNetApp.Tests/bin/Release/net6.0/MyDotNetApp.Tests.dll
   NUnit3TestExecutor discovered 2 of 2 NUnit test cases using Current Discovery mode, Non-Explicit run
NUnit Adapter 4.6.0.0: Test execution complete
</StdOut>
    </Output>
  </ResultSummary>
</TestRun>